     1 00000000                                 [FORMAT "WCOFF"]
     2 00000000                                 [INSTRSET "i486p"]
     3 00000000                                 [OPTIMIZE 1]
     4 00000000                                 [OPTION 1]
     5 00000000                                 [BITS 32]
     6 00000000                                 	EXTERN	_init_gdtidt
     7 00000000                                 	EXTERN	_init_pic
     8 00000000                                 	EXTERN	_io_sti
     9 00000000                                 	EXTERN	_fifo32_init
    10 00000000                                 	EXTERN	_init_pit
    11 00000000                                 	EXTERN	_init_keyboard
    12 00000000                                 	EXTERN	_enable_mouse
    13 00000000                                 	EXTERN	_io_out8
    14 00000000                                 	EXTERN	_timer_alloc
    15 00000000                                 	EXTERN	_timer_init
    16 00000000                                 	EXTERN	_timer_settime
    17 00000000                                 	EXTERN	_memtest
    18 00000000                                 	EXTERN	_memman_init
    19 00000000                                 	EXTERN	_memman_free
    20 00000000                                 	EXTERN	_init_palette
    21 00000000                                 	EXTERN	_shtctl_init
    22 00000000                                 	EXTERN	_sheet_alloc
    23 00000000                                 	EXTERN	_memman_alloc_4k
    24 00000000                                 	EXTERN	_sheet_setbuf
    25 00000000                                 	EXTERN	_init_screen8
    26 00000000                                 	EXTERN	_init_mouse_cursor8
    27 00000000                                 	EXTERN	_sheet_slide
    28 00000000                                 	EXTERN	_sheet_updown
    29 00000000                                 	EXTERN	_sprintf
    30 00000000                                 	EXTERN	_memman_total
    31 00000000                                 	EXTERN	_set_segmdesc
    32 00000000                                 	EXTERN	_load_tr
    33 00000000                                 	EXTERN	_mt_init
    34 00000000                                 	EXTERN	_io_cli
    35 00000000                                 	EXTERN	_fifo32_status
    36 00000000                                 	EXTERN	_fifo32_get
    37 00000000                                 	EXTERN	_boxfill8
    38 00000000                                 	EXTERN	_sheet_refresh
    39 00000000                                 	EXTERN	_mouse_decode
    40 00000000                                 	EXTERN	_io_stihlt
    41 00000000                                 	EXTERN	_putfont8_asc
    42 00000000                                 [FILE "bootpack.c"]
    43                                          [SECTION .data]
    44 00000000                                 LC0:
    45 00000000 77 69 6E 64 6F 77 00            	DB	"window",0x00
    46 00000007                                 LC1:
    47 00000007 28 25 33 64 2C 20 25 33 64 29   	DB	"(%3d, %3d)",0x00
       00000011 00 
    48 00000012                                 LC2:
    49 00000012 6D 65 6D 6F 72 79 20 25 64 4D   	DB	"memory %dMB   free : %dKB",0x00
       0000001C 42 20 20 20 66 72 65 65 20 3A 
       00000026 20 25 64 4B 42 00 
    50 0000002C                                 LC6:
    51 0000002C 33 5B 73 65 63 5D 00            	DB	"3[sec]",0x00
    52 00000033                                 LC5:
    53 00000033 31 30 5B 73 65 63 5D 00         	DB	"10[sec]",0x00
    54 0000003B                                 LC4:
    55 0000003B 5B 6C 63 72 20 25 34 64 20 25   	DB	"[lcr %4d %4d]",0x00
       00000045 34 64 5D 00 
    56 00000049                                 LC3:
    57 00000049 25 30 32 58 00                  	DB	"%02X",0x00
    58                                          [SECTION .text]
    59 00000000                                 	GLOBAL	_HariMain
    60 00000000                                 _HariMain:
    61 00000000 55                              	PUSH	EBP
    62 00000001 89 E5                           	MOV	EBP,ESP
    63 00000003 57                              	PUSH	EDI
    64 00000004 56                              	PUSH	ESI
    65 00000005 53                              	PUSH	EBX
    66 00000006 8D 75 D4                        	LEA	ESI,DWORD [-44+EBP]
    67 00000009 81 EC 00000460                  	SUB	ESP,1120
    68 0000000F E8 [00000000]                   	CALL	_init_gdtidt
    69 00000014 E8 [00000000]                   	CALL	_init_pic
    70 00000019 E8 [00000000]                   	CALL	_io_sti
    71 0000001E 8D 85 FFFFFDA4                  	LEA	EAX,DWORD [-604+EBP]
    72 00000024 50                              	PUSH	EAX
    73 00000025 68 00000080                     	PUSH	128
    74 0000002A 56                              	PUSH	ESI
    75 0000002B E8 [00000000]                   	CALL	_fifo32_init
    76 00000030 E8 [00000000]                   	CALL	_init_pit
    77 00000035 68 00000100                     	PUSH	256
    78 0000003A 56                              	PUSH	ESI
    79 0000003B E8 [00000000]                   	CALL	_init_keyboard
    80 00000040 8D 85 FFFFFD94                  	LEA	EAX,DWORD [-620+EBP]
    81 00000046 50                              	PUSH	EAX
    82 00000047 68 00000200                     	PUSH	512
    83 0000004C 56                              	PUSH	ESI
    84 0000004D E8 [00000000]                   	CALL	_enable_mouse
    85 00000052 83 C4 20                        	ADD	ESP,32
    86 00000055 68 000000F8                     	PUSH	248
    87 0000005A 6A 21                           	PUSH	33
    88 0000005C E8 [00000000]                   	CALL	_io_out8
    89 00000061 68 000000EF                     	PUSH	239
    90 00000066 68 000000A1                     	PUSH	161
    91 0000006B E8 [00000000]                   	CALL	_io_out8
    92 00000070 E8 [00000000]                   	CALL	_timer_alloc
    93 00000075 6A 0A                           	PUSH	10
    94 00000077 56                              	PUSH	ESI
    95 00000078 89 C3                           	MOV	EBX,EAX
    96 0000007A 50                              	PUSH	EAX
    97 0000007B E8 [00000000]                   	CALL	_timer_init
    98 00000080 68 000003E8                     	PUSH	1000
    99 00000085 53                              	PUSH	EBX
   100 00000086 E8 [00000000]                   	CALL	_timer_settime
   101 0000008B 83 C4 24                        	ADD	ESP,36
   102 0000008E E8 [00000000]                   	CALL	_timer_alloc
   103 00000093 6A 03                           	PUSH	3
   104 00000095 89 C3                           	MOV	EBX,EAX
   105 00000097 56                              	PUSH	ESI
   106 00000098 50                              	PUSH	EAX
   107 00000099 E8 [00000000]                   	CALL	_timer_init
   108 0000009E 68 0000012C                     	PUSH	300
   109 000000A3 53                              	PUSH	EBX
   110 000000A4 E8 [00000000]                   	CALL	_timer_settime
   111 000000A9 E8 [00000000]                   	CALL	_timer_alloc
   112 000000AE 6A 01                           	PUSH	1
   113 000000B0 56                              	PUSH	ESI
   114 000000B1 50                              	PUSH	EAX
   115 000000B2 89 85 FFFFFBB0                  	MOV	DWORD [-1104+EBP],EAX
   116 000000B8 E8 [00000000]                   	CALL	_timer_init
   117 000000BD 83 C4 20                        	ADD	ESP,32
   118 000000C0 6A 32                           	PUSH	50
   119 000000C2 FF B5 FFFFFBB0                  	PUSH	DWORD [-1104+EBP]
   120 000000C8 E8 [00000000]                   	CALL	_timer_settime
   121 000000CD 68 BFFFFFFF                     	PUSH	-1073741825
   122 000000D2 68 00400000                     	PUSH	4194304
   123 000000D7 E8 [00000000]                   	CALL	_memtest
   124 000000DC 68 003C0000                     	PUSH	3932160
   125 000000E1 89 85 FFFFFBA8                  	MOV	DWORD [-1112+EBP],EAX
   126 000000E7 E8 [00000000]                   	CALL	_memman_init
   127 000000EC 68 0009E000                     	PUSH	647168
   128 000000F1 68 00001000                     	PUSH	4096
   129 000000F6 68 003C0000                     	PUSH	3932160
   130 000000FB E8 [00000000]                   	CALL	_memman_free
   131 00000100 8B 85 FFFFFBA8                  	MOV	EAX,DWORD [-1112+EBP]
   132 00000106 83 C4 20                        	ADD	ESP,32
   133 00000109 2D 00400000                     	SUB	EAX,4194304
   134 0000010E 50                              	PUSH	EAX
   135 0000010F 68 00400000                     	PUSH	4194304
   136 00000114 68 003C0000                     	PUSH	3932160
   137 00000119 E8 [00000000]                   	CALL	_memman_free
   138 0000011E E8 [00000000]                   	CALL	_init_palette
   139 00000123 0F BF 05 00000FF6               	MOVSX	EAX,WORD [4086]
   140 0000012A 50                              	PUSH	EAX
   141 0000012B 0F BF 05 00000FF4               	MOVSX	EAX,WORD [4084]
   142 00000132 50                              	PUSH	EAX
   143 00000133 FF 35 00000FF8                  	PUSH	DWORD [4088]
   144 00000139 68 003C0000                     	PUSH	3932160
   145 0000013E E8 [00000000]                   	CALL	_shtctl_init
   146 00000143 89 C3                           	MOV	EBX,EAX
   147 00000145 50                              	PUSH	EAX
   148 00000146 E8 [00000000]                   	CALL	_sheet_alloc
   149 0000014B 83 C4 20                        	ADD	ESP,32
   150 0000014E 53                              	PUSH	EBX
   151 0000014F 89 85 FFFFFBA4                  	MOV	DWORD [-1116+EBP],EAX
   152 00000155 E8 [00000000]                   	CALL	_sheet_alloc
   153 0000015A 53                              	PUSH	EBX
   154 0000015B 8D 9D FFFFFC94                  	LEA	EBX,DWORD [-876+EBP]
   155 00000161 89 85 FFFFFBA0                  	MOV	DWORD [-1120+EBP],EAX
   156 00000167 E8 [00000000]                   	CALL	_sheet_alloc
   157 0000016C 89 C6                           	MOV	ESI,EAX
   158 0000016E 0F BF 15 00000FF6               	MOVSX	EDX,WORD [4086]
   159 00000175 0F BF 05 00000FF4               	MOVSX	EAX,WORD [4084]
   160 0000017C 0F AF C2                        	IMUL	EAX,EDX
   161 0000017F 50                              	PUSH	EAX
   162 00000180 68 003C0000                     	PUSH	3932160
   163 00000185 E8 [00000000]                   	CALL	_memman_alloc_4k
   164 0000018A 68 00002080                     	PUSH	8320
   165 0000018F 68 003C0000                     	PUSH	3932160
   166 00000194 89 85 FFFFFB9C                  	MOV	DWORD [-1124+EBP],EAX
   167 0000019A E8 [00000000]                   	CALL	_memman_alloc_4k
   168 0000019F 6A FF                           	PUSH	-1
   169 000001A1 89 C7                           	MOV	EDI,EAX
   170 000001A3 0F BF 05 00000FF6               	MOVSX	EAX,WORD [4086]
   171 000001AA 50                              	PUSH	EAX
   172 000001AB 0F BF 05 00000FF4               	MOVSX	EAX,WORD [4084]
   173 000001B2 50                              	PUSH	EAX
   174 000001B3 FF B5 FFFFFB9C                  	PUSH	DWORD [-1124+EBP]
   175 000001B9 FF B5 FFFFFBA4                  	PUSH	DWORD [-1116+EBP]
   176 000001BF E8 [00000000]                   	CALL	_sheet_setbuf
   177 000001C4 83 C4 2C                        	ADD	ESP,44
   178 000001C7 6A 63                           	PUSH	99
   179 000001C9 6A 10                           	PUSH	16
   180 000001CB 6A 10                           	PUSH	16
   181 000001CD 53                              	PUSH	EBX
   182 000001CE FF B5 FFFFFBA0                  	PUSH	DWORD [-1120+EBP]
   183 000001D4 E8 [00000000]                   	CALL	_sheet_setbuf
   184 000001D9 6A FF                           	PUSH	-1
   185 000001DB 6A 34                           	PUSH	52
   186 000001DD 68 000000A0                     	PUSH	160
   187 000001E2 57                              	PUSH	EDI
   188 000001E3 56                              	PUSH	ESI
   189 000001E4 E8 [00000000]                   	CALL	_sheet_setbuf
   190 000001E9 83 C4 28                        	ADD	ESP,40
   191 000001EC 0F BF 05 00000FF6               	MOVSX	EAX,WORD [4086]
   192 000001F3 50                              	PUSH	EAX
   193 000001F4 0F BF 05 00000FF4               	MOVSX	EAX,WORD [4084]
   194 000001FB 50                              	PUSH	EAX
   195 000001FC FF B5 FFFFFB9C                  	PUSH	DWORD [-1124+EBP]
   196 00000202 E8 [00000000]                   	CALL	_init_screen8
   197 00000207 6A 63                           	PUSH	99
   198 00000209 53                              	PUSH	EBX
   199 0000020A BB 00000002                     	MOV	EBX,2
   200 0000020F E8 [00000000]                   	CALL	_init_mouse_cursor8
   201 00000214 68 [00000000]                   	PUSH	LC0
   202 00000219 6A 34                           	PUSH	52
   203 0000021B 68 000000A0                     	PUSH	160
   204 00000220 57                              	PUSH	EDI
   205 00000221 E8 00000441                     	CALL	_make_window8
   206 00000226 83 C4 24                        	ADD	ESP,36
   207 00000229 6A 00                           	PUSH	0
   208 0000022B 6A 00                           	PUSH	0
   209 0000022D FF B5 FFFFFBA4                  	PUSH	DWORD [-1116+EBP]
   210 00000233 E8 [00000000]                   	CALL	_sheet_slide
   211 00000238 0F BF 05 00000FF4               	MOVSX	EAX,WORD [4084]
   212 0000023F 8D 48 F0                        	LEA	ECX,DWORD [-16+EAX]
   213 00000242 89 C8                           	MOV	EAX,ECX
   214 00000244 99                              	CDQ
   215 00000245 F7 FB                           	IDIV	EBX
   216 00000247 89 85 FFFFFBAC                  	MOV	DWORD [-1108+EBP],EAX
   217 0000024D 0F BF 05 00000FF6               	MOVSX	EAX,WORD [4086]
   218 00000254 8D 48 D4                        	LEA	ECX,DWORD [-44+EAX]
   219 00000257 89 C8                           	MOV	EAX,ECX
   220 00000259 99                              	CDQ
   221 0000025A F7 FB                           	IDIV	EBX
   222 0000025C 50                              	PUSH	EAX
   223 0000025D 89 C7                           	MOV	EDI,EAX
   224 0000025F FF B5 FFFFFBAC                  	PUSH	DWORD [-1108+EBP]
   225 00000265 FF B5 FFFFFBA0                  	PUSH	DWORD [-1120+EBP]
   226 0000026B 8D 5D A4                        	LEA	EBX,DWORD [-92+EBP]
   227 0000026E E8 [00000000]                   	CALL	_sheet_slide
   228 00000273 6A 48                           	PUSH	72
   229 00000275 6A 50                           	PUSH	80
   230 00000277 56                              	PUSH	ESI
   231 00000278 E8 [00000000]                   	CALL	_sheet_slide
   232 0000027D 83 C4 24                        	ADD	ESP,36
   233 00000280 6A 00                           	PUSH	0
   234 00000282 FF B5 FFFFFBA4                  	PUSH	DWORD [-1116+EBP]
   235 00000288 E8 [00000000]                   	CALL	_sheet_updown
   236 0000028D 6A 01                           	PUSH	1
   237 0000028F 56                              	PUSH	ESI
   238 00000290 E8 [00000000]                   	CALL	_sheet_updown
   239 00000295 6A 02                           	PUSH	2
   240 00000297 FF B5 FFFFFBA0                  	PUSH	DWORD [-1120+EBP]
   241 0000029D E8 [00000000]                   	CALL	_sheet_updown
   242 000002A2 57                              	PUSH	EDI
   243 000002A3 FF B5 FFFFFBAC                  	PUSH	DWORD [-1108+EBP]
   244 000002A9 68 [00000007]                   	PUSH	LC1
   245 000002AE 53                              	PUSH	EBX
   246 000002AF E8 [00000000]                   	CALL	_sprintf
   247 000002B4 83 C4 28                        	ADD	ESP,40
   248 000002B7 6A 0A                           	PUSH	10
   249 000002B9 53                              	PUSH	EBX
   250 000002BA 6A 0E                           	PUSH	14
   251 000002BC 6A 07                           	PUSH	7
   252 000002BE 6A 00                           	PUSH	0
   253 000002C0 6A 00                           	PUSH	0
   254 000002C2 FF B5 FFFFFBA4                  	PUSH	DWORD [-1116+EBP]
   255 000002C8 E8 00000506                     	CALL	_putfont8_asc_sht
   256 000002CD 68 003C0000                     	PUSH	3932160
   257 000002D2 E8 [00000000]                   	CALL	_memman_total
   258 000002D7 C1 AD FFFFFBA8 14               	SHR	DWORD [-1112+EBP],20
   259 000002DE C1 E8 0A                        	SHR	EAX,10
   260 000002E1 89 04 24                        	MOV	DWORD [ESP],EAX
   261 000002E4 FF B5 FFFFFBA8                  	PUSH	DWORD [-1112+EBP]
   262 000002EA 68 [00000012]                   	PUSH	LC2
   263 000002EF 53                              	PUSH	EBX
   264 000002F0 E8 [00000000]                   	CALL	_sprintf
   265 000002F5 83 C4 2C                        	ADD	ESP,44
   266 000002F8 6A 28                           	PUSH	40
   267 000002FA 53                              	PUSH	EBX
   268 000002FB 6A 0E                           	PUSH	14
   269 000002FD 6A 07                           	PUSH	7
   270 000002FF 6A 20                           	PUSH	32
   271 00000301 6A 00                           	PUSH	0
   272 00000303 FF B5 FFFFFBA4                  	PUSH	DWORD [-1116+EBP]
   273 00000309 E8 000004C5                     	CALL	_putfont8_asc_sht
   274 0000030E 8D 85 FFFFFC24                  	LEA	EAX,DWORD [-988+EBP]
   275 00000314 68 00000089                     	PUSH	137
   276 00000319 50                              	PUSH	EAX
   277 0000031A 6A 67                           	PUSH	103
   278 0000031C 68 00270018                     	PUSH	2555928
   279 00000321 C7 85 FFFFFC84 00000000         	MOV	DWORD [-892+EBP],0
   280 0000032B C7 85 FFFFFC88 40000000         	MOV	DWORD [-888+EBP],1073741824
   281 00000335 C7 85 FFFFFC14 00000000         	MOV	DWORD [-1004+EBP],0
   282 0000033F C7 85 FFFFFC18 40000000         	MOV	DWORD [-1000+EBP],1073741824
   283 00000349 E8 [00000000]                   	CALL	_set_segmdesc
   284 0000034E 8D 85 FFFFFBB4                  	LEA	EAX,DWORD [-1100+EBP]
   285 00000354 83 C4 2C                        	ADD	ESP,44
   286 00000357 68 00000089                     	PUSH	137
   287 0000035C 50                              	PUSH	EAX
   288 0000035D 6A 67                           	PUSH	103
   289 0000035F 68 00270020                     	PUSH	2555936
   290 00000364 E8 [00000000]                   	CALL	_set_segmdesc
   291 00000369 6A 18                           	PUSH	24
   292 0000036B E8 [00000000]                   	CALL	_load_tr
   293 00000370 68 00010000                     	PUSH	65536
   294 00000375 68 003C0000                     	PUSH	3932160
   295 0000037A E8 [00000000]                   	CALL	_memman_alloc_4k
   296 0000037F 8B 9D FFFFFBA4                  	MOV	EBX,DWORD [-1116+EBP]
   297 00000385 05 0000FFF8                     	ADD	EAX,65528
   298 0000038A C7 85 FFFFFBD4 [0000085A]       	MOV	DWORD [-1068+EBP],_task_b_main
   299 00000394 C7 85 FFFFFBD8 00000202         	MOV	DWORD [-1064+EBP],514
   300 0000039E C7 85 FFFFFBDC 00000000         	MOV	DWORD [-1060+EBP],0
   301 000003A8 C7 85 FFFFFBE0 00000000         	MOV	DWORD [-1056+EBP],0
   302 000003B2 C7 85 FFFFFBE4 00000000         	MOV	DWORD [-1052+EBP],0
   303 000003BC C7 85 FFFFFBE8 00000000         	MOV	DWORD [-1048+EBP],0
   304 000003C6 89 85 FFFFFBEC                  	MOV	DWORD [-1044+EBP],EAX
   305 000003CC C7 85 FFFFFBF0 00000000         	MOV	DWORD [-1040+EBP],0
   306 000003D6 C7 85 FFFFFBF4 00000000         	MOV	DWORD [-1036+EBP],0
   307 000003E0 C7 85 FFFFFBF8 00000000         	MOV	DWORD [-1032+EBP],0
   308 000003EA C7 85 FFFFFBFC 00000008         	MOV	DWORD [-1028+EBP],8
   309 000003F4 C7 85 FFFFFC00 00000010         	MOV	DWORD [-1024+EBP],16
   310 000003FE C7 85 FFFFFC04 00000008         	MOV	DWORD [-1020+EBP],8
   311 00000408 C7 85 FFFFFC08 00000008         	MOV	DWORD [-1016+EBP],8
   312 00000412 C7 85 FFFFFC0C 00000008         	MOV	DWORD [-1012+EBP],8
   313 0000041C C7 85 FFFFFC10 00000008         	MOV	DWORD [-1008+EBP],8
   314 00000426 89 58 04                        	MOV	DWORD [4+EAX],EBX
   315 00000429 E8 [00000000]                   	CALL	_mt_init
   316 0000042E                                 L26:
   317 0000042E 83 C4 1C                        	ADD	ESP,28
   318 00000431                                 L2:
   319 00000431 8D 75 D4                        	LEA	ESI,DWORD [-44+EBP]
   320 00000434 E8 [00000000]                   	CALL	_io_cli
   321 00000439 56                              	PUSH	ESI
   322 0000043A E8 [00000000]                   	CALL	_fifo32_status
   323 0000043F 59                              	POP	ECX
   324 00000440 85 C0                           	TEST	EAX,EAX
   325 00000442 0F 84 00000215                  	JE	L29
   326 00000448 56                              	PUSH	ESI
   327 00000449 E8 [00000000]                   	CALL	_fifo32_get
   328 0000044E 89 C3                           	MOV	EBX,EAX
   329 00000450 E8 [00000000]                   	CALL	_io_sti
   330 00000455 5A                              	POP	EDX
   331 00000456 8D 83 FFFFFF00                  	LEA	EAX,DWORD [-256+EBX]
   332 0000045C 3D 000000FF                     	CMP	EAX,255
   333 00000461 0F 86 000001C9                  	JBE	L30
   334 00000467 8D 83 FFFFFE00                  	LEA	EAX,DWORD [-512+EBX]
   335 0000046D 3D 000000FF                     	CMP	EAX,255
   336 00000472 0F 86 000000B2                  	JBE	L31
   337 00000478 83 FB 0A                        	CMP	EBX,10
   338 0000047B 0F 84 0000009A                  	JE	L32
   339 00000481 83 FB 03                        	CMP	EBX,3
   340 00000484 74 76                           	JE	L33
   341 00000486 83 FB 01                        	CMP	EBX,1
   342 00000489 74 57                           	JE	L34
   343 0000048B 85 DB                           	TEST	EBX,EBX
   344 0000048D 75 A2                           	JNE	L2
   345 0000048F 6A 01                           	PUSH	1
   346 00000491 56                              	PUSH	ESI
   347 00000492 FF B5 FFFFFBB0                  	PUSH	DWORD [-1104+EBP]
   348 00000498 E8 [00000000]                   	CALL	_timer_init
   349 0000049D 6A 6F                           	PUSH	111
   350 0000049F 6A 0F                           	PUSH	15
   351 000004A1 6A 60                           	PUSH	96
   352 000004A3 6A 08                           	PUSH	8
   353 000004A5 6A 0E                           	PUSH	14
   354 000004A7                                 L28:
   355 000004A7 0F BF 05 00000FF4               	MOVSX	EAX,WORD [4084]
   356 000004AE 50                              	PUSH	EAX
   357 000004AF FF B5 FFFFFB9C                  	PUSH	DWORD [-1124+EBP]
   358 000004B5 E8 [00000000]                   	CALL	_boxfill8
   359 000004BA 83 C4 28                        	ADD	ESP,40
   360 000004BD 6A 32                           	PUSH	50
   361 000004BF FF B5 FFFFFBB0                  	PUSH	DWORD [-1104+EBP]
   362 000004C5 E8 [00000000]                   	CALL	_timer_settime
   363 000004CA 6A 70                           	PUSH	112
   364 000004CC 6A 10                           	PUSH	16
   365 000004CE 6A 60                           	PUSH	96
   366 000004D0 6A 08                           	PUSH	8
   367 000004D2 FF B5 FFFFFBA4                  	PUSH	DWORD [-1116+EBP]
   368 000004D8 E8 [00000000]                   	CALL	_sheet_refresh
   369 000004DD E9 FFFFFF4C                     	JMP	L26
   370 000004E2                                 L34:
   371 000004E2 6A 00                           	PUSH	0
   372 000004E4 56                              	PUSH	ESI
   373 000004E5 FF B5 FFFFFBB0                  	PUSH	DWORD [-1104+EBP]
   374 000004EB E8 [00000000]                   	CALL	_timer_init
   375 000004F0 6A 6F                           	PUSH	111
   376 000004F2 6A 0F                           	PUSH	15
   377 000004F4 6A 60                           	PUSH	96
   378 000004F6 6A 08                           	PUSH	8
   379 000004F8 6A 07                           	PUSH	7
   380 000004FA EB AB                           	JMP	L28
   381 000004FC                                 L33:
   382 000004FC 6A 06                           	PUSH	6
   383 000004FE 68 [0000002C]                   	PUSH	LC6
   384 00000503 6A 0E                           	PUSH	14
   385 00000505 6A 07                           	PUSH	7
   386 00000507 6A 50                           	PUSH	80
   387 00000509                                 L27:
   388 00000509 6A 00                           	PUSH	0
   389 0000050B FF B5 FFFFFBA4                  	PUSH	DWORD [-1116+EBP]
   390 00000511 E8 000002BD                     	CALL	_putfont8_asc_sht
   391 00000516 E9 FFFFFF13                     	JMP	L26
   392 0000051B                                 L32:
   393 0000051B 6A 07                           	PUSH	7
   394 0000051D 68 [00000033]                   	PUSH	LC5
   395 00000522 6A 0E                           	PUSH	14
   396 00000524 6A 07                           	PUSH	7
   397 00000526 6A 40                           	PUSH	64
   398 00000528 EB DF                           	JMP	L27
   399 0000052A                                 L31:
   400 0000052A 0F B6 C3                        	MOVZX	EAX,BL
   401 0000052D 50                              	PUSH	EAX
   402 0000052E 8D 85 FFFFFD94                  	LEA	EAX,DWORD [-620+EBP]
   403 00000534 50                              	PUSH	EAX
   404 00000535 E8 [00000000]                   	CALL	_mouse_decode
   405 0000053A 5A                              	POP	EDX
   406 0000053B 59                              	POP	ECX
   407 0000053C 85 C0                           	TEST	EAX,EAX
   408 0000053E 0F 84 FFFFFEED                  	JE	L2
   409 00000544 FF B5 FFFFFD9C                  	PUSH	DWORD [-612+EBP]
   410 0000054A FF B5 FFFFFD98                  	PUSH	DWORD [-616+EBP]
   411 00000550 68 [0000003B]                   	PUSH	LC4
   412 00000555 8D 5D A4                        	LEA	EBX,DWORD [-92+EBP]
   413 00000558 53                              	PUSH	EBX
   414 00000559 E8 [00000000]                   	CALL	_sprintf
   415 0000055E 83 C4 10                        	ADD	ESP,16
   416 00000561 8B 85 FFFFFDA0                  	MOV	EAX,DWORD [-608+EBP]
   417 00000567 A9 00000001                     	TEST	EAX,1
   418 0000056C 74 04                           	JE	L11
   419 0000056E C6 45 A5 4C                     	MOV	BYTE [-91+EBP],76
   420 00000572                                 L11:
   421 00000572 A9 00000002                     	TEST	EAX,2
   422 00000577 74 04                           	JE	L12
   423 00000579 C6 45 A7 52                     	MOV	BYTE [-89+EBP],82
   424 0000057D                                 L12:
   425 0000057D 83 E0 04                        	AND	EAX,4
   426 00000580 74 04                           	JE	L13
   427 00000582 C6 45 A6 43                     	MOV	BYTE [-90+EBP],67
   428 00000586                                 L13:
   429 00000586 6A 0F                           	PUSH	15
   430 00000588 53                              	PUSH	EBX
   431 00000589 6A 0E                           	PUSH	14
   432 0000058B 6A 07                           	PUSH	7
   433 0000058D 6A 10                           	PUSH	16
   434 0000058F 6A 20                           	PUSH	32
   435 00000591 FF B5 FFFFFBA4                  	PUSH	DWORD [-1116+EBP]
   436 00000597 E8 00000237                     	CALL	_putfont8_asc_sht
   437 0000059C 8B 85 FFFFFD98                  	MOV	EAX,DWORD [-616+EBP]
   438 000005A2 03 BD FFFFFD9C                  	ADD	EDI,DWORD [-612+EBP]
   439 000005A8 83 C4 1C                        	ADD	ESP,28
   440 000005AB 01 85 FFFFFBAC                  	ADD	DWORD [-1108+EBP],EAX
   441 000005B1 78 71                           	JS	L35
   442 000005B3                                 L14:
   443 000005B3 85 FF                           	TEST	EDI,EDI
   444 000005B5 78 69                           	JS	L36
   445 000005B7                                 L15:
   446 000005B7 0F BF 05 00000FF4               	MOVSX	EAX,WORD [4084]
   447 000005BE 48                              	DEC	EAX
   448 000005BF 39 85 FFFFFBAC                  	CMP	DWORD [-1108+EBP],EAX
   449 000005C5 7E 06                           	JLE	L16
   450 000005C7 89 85 FFFFFBAC                  	MOV	DWORD [-1108+EBP],EAX
   451 000005CD                                 L16:
   452 000005CD 0F BF 05 00000FF6               	MOVSX	EAX,WORD [4086]
   453 000005D4 48                              	DEC	EAX
   454 000005D5 39 C7                           	CMP	EDI,EAX
   455 000005D7 7E 02                           	JLE	L17
   456 000005D9 89 C7                           	MOV	EDI,EAX
   457 000005DB                                 L17:
   458 000005DB 57                              	PUSH	EDI
   459 000005DC FF B5 FFFFFBAC                  	PUSH	DWORD [-1108+EBP]
   460 000005E2 68 [00000007]                   	PUSH	LC1
   461 000005E7 53                              	PUSH	EBX
   462 000005E8 E8 [00000000]                   	CALL	_sprintf
   463 000005ED 6A 0A                           	PUSH	10
   464 000005EF 53                              	PUSH	EBX
   465 000005F0 6A 0E                           	PUSH	14
   466 000005F2 6A 07                           	PUSH	7
   467 000005F4 6A 00                           	PUSH	0
   468 000005F6 6A 00                           	PUSH	0
   469 000005F8 FF B5 FFFFFBA4                  	PUSH	DWORD [-1116+EBP]
   470 000005FE E8 000001D0                     	CALL	_putfont8_asc_sht
   471 00000603 83 C4 2C                        	ADD	ESP,44
   472 00000606 57                              	PUSH	EDI
   473 00000607 FF B5 FFFFFBAC                  	PUSH	DWORD [-1108+EBP]
   474 0000060D FF B5 FFFFFBA0                  	PUSH	DWORD [-1120+EBP]
   475 00000613 E8 [00000000]                   	CALL	_sheet_slide
   476 00000618 83 C4 0C                        	ADD	ESP,12
   477 0000061B E9 FFFFFE11                     	JMP	L2
   478 00000620                                 L36:
   479 00000620 31 FF                           	XOR	EDI,EDI
   480 00000622 EB 93                           	JMP	L15
   481 00000624                                 L35:
   482 00000624 C7 85 FFFFFBAC 00000000         	MOV	DWORD [-1108+EBP],0
   483 0000062E EB 83                           	JMP	L14
   484 00000630                                 L30:
   485 00000630 50                              	PUSH	EAX
   486 00000631 8D 5D A4                        	LEA	EBX,DWORD [-92+EBP]
   487 00000634 68 [00000049]                   	PUSH	LC3
   488 00000639 53                              	PUSH	EBX
   489 0000063A E8 [00000000]                   	CALL	_sprintf
   490 0000063F 6A 02                           	PUSH	2
   491 00000641 53                              	PUSH	EBX
   492 00000642 6A 0E                           	PUSH	14
   493 00000644 6A 07                           	PUSH	7
   494 00000646 6A 10                           	PUSH	16
   495 00000648 6A 00                           	PUSH	0
   496 0000064A FF B5 FFFFFBA4                  	PUSH	DWORD [-1116+EBP]
   497 00000650 E8 0000017E                     	CALL	_putfont8_asc_sht
   498 00000655 83 C4 28                        	ADD	ESP,40
   499 00000658 E9 FFFFFDD4                     	JMP	L2
   500 0000065D                                 L29:
   501 0000065D E8 [00000000]                   	CALL	_io_stihlt
   502 00000662 E9 FFFFFDCA                     	JMP	L2
   503                                          [SECTION .data]
   504 0000004E                                 _closebtn.0:
   505 0000004E 4F 4F 4F 4F 4F 4F 4F 4F 4F 4F   	DB	"OOOOOOOOOOOOOOO@"
       00000058 4F 4F 4F 4F 4F 40 
   506 0000005E 4F 51 51 51 51 51 51 51 51 51   	DB	"OQQQQQQQQQQQQQ$@"
       00000068 51 51 51 51 24 40 
   507 0000006E 4F 51 51 51 51 51 51 51 51 51   	DB	"OQQQQQQQQQQQQQ$@"
       00000078 51 51 51 51 24 40 
   508 0000007E 4F 51 51 51 40 40 51 51 51 51   	DB	"OQQQ@@QQQQ@@QQ$@"
       00000088 40 40 51 51 24 40 
   509 0000008E 4F 51 51 51 51 40 40 51 51 40   	DB	"OQQQQ@@QQ@@QQQ$@"
       00000098 40 51 51 51 24 40 
   510 0000009E 4F 51 51 51 51 51 40 40 40 40   	DB	"OQQQQQ@@@@QQQQ$@"
       000000A8 51 51 51 51 24 40 
   511 000000AE 4F 51 51 51 51 51 51 40 40 51   	DB	"OQQQQQQ@@QQQQQ$@"
       000000B8 51 51 51 51 24 40 
   512 000000BE 4F 51 51 51 51 51 40 40 40 40   	DB	"OQQQQQ@@@@QQQQ$@"
       000000C8 51 51 51 51 24 40 
   513 000000CE 4F 51 51 51 51 40 40 51 51 40   	DB	"OQQQQ@@QQ@@QQQ$@"
       000000D8 40 51 51 51 24 40 
   514 000000DE 4F 51 51 51 40 40 51 51 51 51   	DB	"OQQQ@@QQQQ@@QQ$@"
       000000E8 40 40 51 51 24 40 
   515 000000EE 4F 51 51 51 51 51 51 51 51 51   	DB	"OQQQQQQQQQQQQQ$@"
       000000F8 51 51 51 51 24 40 
   516 000000FE 4F 51 51 51 51 51 51 51 51 51   	DB	"OQQQQQQQQQQQQQ$@"
       00000108 51 51 51 51 24 40 
   517 0000010E 4F 24 24 24 24 24 24 24 24 24   	DB	"O$$$$$$$$$$$$$$@"
       00000118 24 24 24 24 24 40 
   518 0000011E 40 40 40 40 40 40 40 40 40 40   	DB	"@@@@@@@@@@@@@@@@"
       00000128 40 40 40 40 40 40 
   519                                          [SECTION .text]
   520 00000667                                 	GLOBAL	_make_window8
   521 00000667                                 _make_window8:
   522 00000667 55                              	PUSH	EBP
   523 00000668 89 E5                           	MOV	EBP,ESP
   524 0000066A 57                              	PUSH	EDI
   525 0000066B 56                              	PUSH	ESI
   526 0000066C 53                              	PUSH	EBX
   527 0000066D 83 EC 14                        	SUB	ESP,20
   528 00000670 8B 5D 0C                        	MOV	EBX,DWORD [12+EBP]
   529 00000673 6A 00                           	PUSH	0
   530 00000675 8D 43 FF                        	LEA	EAX,DWORD [-1+EBX]
   531 00000678 8D 7B FE                        	LEA	EDI,DWORD [-2+EBX]
   532 0000067B 50                              	PUSH	EAX
   533 0000067C 89 45 EC                        	MOV	DWORD [-20+EBP],EAX
   534 0000067F 6A 00                           	PUSH	0
   535 00000681 6A 00                           	PUSH	0
   536 00000683 6A 08                           	PUSH	8
   537 00000685 53                              	PUSH	EBX
   538 00000686 FF 75 08                        	PUSH	DWORD [8+EBP]
   539 00000689 E8 [00000000]                   	CALL	_boxfill8
   540 0000068E 6A 01                           	PUSH	1
   541 00000690 57                              	PUSH	EDI
   542 00000691 6A 01                           	PUSH	1
   543 00000693 6A 01                           	PUSH	1
   544 00000695 6A 07                           	PUSH	7
   545 00000697 53                              	PUSH	EBX
   546 00000698 FF 75 08                        	PUSH	DWORD [8+EBP]
   547 0000069B E8 [00000000]                   	CALL	_boxfill8
   548 000006A0 8B 55 10                        	MOV	EDX,DWORD [16+EBP]
   549 000006A3 83 C4 38                        	ADD	ESP,56
   550 000006A6 4A                              	DEC	EDX
   551 000006A7 89 55 E8                        	MOV	DWORD [-24+EBP],EDX
   552 000006AA 52                              	PUSH	EDX
   553 000006AB 6A 00                           	PUSH	0
   554 000006AD 6A 00                           	PUSH	0
   555 000006AF 6A 00                           	PUSH	0
   556 000006B1 6A 08                           	PUSH	8
   557 000006B3 53                              	PUSH	EBX
   558 000006B4 FF 75 08                        	PUSH	DWORD [8+EBP]
   559 000006B7 E8 [00000000]                   	CALL	_boxfill8
   560 000006BC 8B 75 10                        	MOV	ESI,DWORD [16+EBP]
   561 000006BF 83 EE 02                        	SUB	ESI,2
   562 000006C2 56                              	PUSH	ESI
   563 000006C3 6A 01                           	PUSH	1
   564 000006C5 6A 01                           	PUSH	1
   565 000006C7 6A 01                           	PUSH	1
   566 000006C9 6A 07                           	PUSH	7
   567 000006CB 53                              	PUSH	EBX
   568 000006CC FF 75 08                        	PUSH	DWORD [8+EBP]
   569 000006CF E8 [00000000]                   	CALL	_boxfill8
   570 000006D4 83 C4 38                        	ADD	ESP,56
   571 000006D7 56                              	PUSH	ESI
   572 000006D8 57                              	PUSH	EDI
   573 000006D9 6A 01                           	PUSH	1
   574 000006DB 57                              	PUSH	EDI
   575 000006DC 6A 0F                           	PUSH	15
   576 000006DE 53                              	PUSH	EBX
   577 000006DF FF 75 08                        	PUSH	DWORD [8+EBP]
   578 000006E2 E8 [00000000]                   	CALL	_boxfill8
   579 000006E7 FF 75 E8                        	PUSH	DWORD [-24+EBP]
   580 000006EA FF 75 EC                        	PUSH	DWORD [-20+EBP]
   581 000006ED 6A 00                           	PUSH	0
   582 000006EF FF 75 EC                        	PUSH	DWORD [-20+EBP]
   583 000006F2 6A 00                           	PUSH	0
   584 000006F4 53                              	PUSH	EBX
   585 000006F5 FF 75 08                        	PUSH	DWORD [8+EBP]
   586 000006F8 E8 [00000000]                   	CALL	_boxfill8
   587 000006FD 8B 45 10                        	MOV	EAX,DWORD [16+EBP]
   588 00000700 83 C4 38                        	ADD	ESP,56
   589 00000703 83 E8 03                        	SUB	EAX,3
   590 00000706 50                              	PUSH	EAX
   591 00000707 8D 43 FD                        	LEA	EAX,DWORD [-3+EBX]
   592 0000070A 50                              	PUSH	EAX
   593 0000070B 6A 02                           	PUSH	2
   594 0000070D 6A 02                           	PUSH	2
   595 0000070F 6A 08                           	PUSH	8
   596 00000711 53                              	PUSH	EBX
   597 00000712 FF 75 08                        	PUSH	DWORD [8+EBP]
   598 00000715 E8 [00000000]                   	CALL	_boxfill8
   599 0000071A 8D 43 FC                        	LEA	EAX,DWORD [-4+EBX]
   600 0000071D 6A 14                           	PUSH	20
   601 0000071F 50                              	PUSH	EAX
   602 00000720 6A 03                           	PUSH	3
   603 00000722 6A 03                           	PUSH	3
   604 00000724 6A 0C                           	PUSH	12
   605 00000726 53                              	PUSH	EBX
   606 00000727 FF 75 08                        	PUSH	DWORD [8+EBP]
   607 0000072A E8 [00000000]                   	CALL	_boxfill8
   608 0000072F 83 C4 38                        	ADD	ESP,56
   609 00000732 56                              	PUSH	ESI
   610 00000733 57                              	PUSH	EDI
   611 00000734 56                              	PUSH	ESI
   612 00000735 6A 01                           	PUSH	1
   613 00000737 6A 0F                           	PUSH	15
   614 00000739 53                              	PUSH	EBX
   615 0000073A FF 75 08                        	PUSH	DWORD [8+EBP]
   616 0000073D E8 [00000000]                   	CALL	_boxfill8
   617 00000742 FF 75 E8                        	PUSH	DWORD [-24+EBP]
   618 00000745 FF 75 EC                        	PUSH	DWORD [-20+EBP]
   619 00000748 FF 75 E8                        	PUSH	DWORD [-24+EBP]
   620 0000074B 6A 00                           	PUSH	0
   621 0000074D 6A 00                           	PUSH	0
   622 0000074F 6B F3 05                        	IMUL	ESI,EBX,5
   623 00000752 53                              	PUSH	EBX
   624 00000753 FF 75 08                        	PUSH	DWORD [8+EBP]
   625 00000756 E8 [00000000]                   	CALL	_boxfill8
   626 0000075B 83 C4 38                        	ADD	ESP,56
   627 0000075E FF 75 14                        	PUSH	DWORD [20+EBP]
   628 00000761 6A 07                           	PUSH	7
   629 00000763 6A 04                           	PUSH	4
   630 00000765 6A 18                           	PUSH	24
   631 00000767 53                              	PUSH	EBX
   632 00000768 FF 75 08                        	PUSH	DWORD [8+EBP]
   633 0000076B E8 [00000000]                   	CALL	_putfont8_asc
   634 00000770 83 C4 18                        	ADD	ESP,24
   635 00000773 C7 45 F0 00000000               	MOV	DWORD [-16+EBP],0
   636 0000077A C7 45 E0 00000000               	MOV	DWORD [-32+EBP],0
   637 00000781                                 L53:
   638 00000781 8D 04 1E                        	LEA	EAX,DWORD [ESI+EBX*1]
   639 00000784 8B 55 08                        	MOV	EDX,DWORD [8+EBP]
   640 00000787 31 FF                           	XOR	EDI,EDI
   641 00000789 8D 4C 02 EB                     	LEA	ECX,DWORD [-21+EDX+EAX*1]
   642 0000078D                                 L52:
   643 0000078D 8B 45 E0                        	MOV	EAX,DWORD [-32+EBP]
   644 00000790 8A 94 07 [0000004E]             	MOV	DL,BYTE [_closebtn.0+EDI+EAX*1]
   645 00000797 80 FA 40                        	CMP	DL,64
   646 0000079A 74 33                           	JE	L58
   647 0000079C 80 FA 24                        	CMP	DL,36
   648 0000079F 74 2A                           	JE	L59
   649 000007A1 80 FA 51                        	CMP	DL,81
   650 000007A4 B2 08                           	MOV	DL,8
   651 000007A6 0F 95 C0                        	SETNE	AL
   652 000007A9 28 C2                           	SUB	DL,AL
   653 000007AB                                 L47:
   654 000007AB 47                              	INC	EDI
   655 000007AC 88 11                           	MOV	BYTE [ECX],DL
   656 000007AE 41                              	INC	ECX
   657 000007AF 83 FF 0F                        	CMP	EDI,15
   658 000007B2 7E D9                           	JLE	L52
   659 000007B4 FF 45 F0                        	INC	DWORD [-16+EBP]
   660 000007B7 01 DE                           	ADD	ESI,EBX
   661 000007B9 83 45 E0 10                     	ADD	DWORD [-32+EBP],16
   662 000007BD 83 7D F0 0D                     	CMP	DWORD [-16+EBP],13
   663 000007C1 7E BE                           	JLE	L53
   664 000007C3 8D 65 F4                        	LEA	ESP,DWORD [-12+EBP]
   665 000007C6 5B                              	POP	EBX
   666 000007C7 5E                              	POP	ESI
   667 000007C8 5F                              	POP	EDI
   668 000007C9 5D                              	POP	EBP
   669 000007CA C3                              	RET
   670 000007CB                                 L59:
   671 000007CB B2 0F                           	MOV	DL,15
   672 000007CD EB DC                           	JMP	L47
   673 000007CF                                 L58:
   674 000007CF 31 D2                           	XOR	EDX,EDX
   675 000007D1 EB D8                           	JMP	L47
   676 000007D3                                 	GLOBAL	_putfont8_asc_sht
   677 000007D3                                 _putfont8_asc_sht:
   678 000007D3 55                              	PUSH	EBP
   679 000007D4 89 E5                           	MOV	EBP,ESP
   680 000007D6 57                              	PUSH	EDI
   681 000007D7 56                              	PUSH	ESI
   682 000007D8 53                              	PUSH	EBX
   683 000007D9 83 EC 0C                        	SUB	ESP,12
   684 000007DC 8B 45 08                        	MOV	EAX,DWORD [8+EBP]
   685 000007DF 8B 7D 10                        	MOV	EDI,DWORD [16+EBP]
   686 000007E2 89 45 F0                        	MOV	DWORD [-16+EBP],EAX
   687 000007E5 8B 5D 14                        	MOV	EBX,DWORD [20+EBP]
   688 000007E8 8B 45 0C                        	MOV	EAX,DWORD [12+EBP]
   689 000007EB 89 45 EC                        	MOV	DWORD [-20+EBP],EAX
   690 000007EE 8B 45 1C                        	MOV	EAX,DWORD [28+EBP]
   691 000007F1 89 45 E8                        	MOV	DWORD [-24+EBP],EAX
   692 000007F4 8D 47 0F                        	LEA	EAX,DWORD [15+EDI]
   693 000007F7 50                              	PUSH	EAX
   694 000007F8 8B 45 EC                        	MOV	EAX,DWORD [-20+EBP]
   695 000007FB 8B 75 20                        	MOV	ESI,DWORD [32+EBP]
   696 000007FE 0F BE DB                        	MOVSX	EBX,BL
   697 00000801 8D 34 F0                        	LEA	ESI,DWORD [EAX+ESI*8]
   698 00000804 8D 46 FF                        	LEA	EAX,DWORD [-1+ESI]
   699 00000807 50                              	PUSH	EAX
   700 00000808 57                              	PUSH	EDI
   701 00000809 FF 75 EC                        	PUSH	DWORD [-20+EBP]
   702 0000080C 0F B6 45 18                     	MOVZX	EAX,BYTE [24+EBP]
   703 00000810 50                              	PUSH	EAX
   704 00000811 8B 45 F0                        	MOV	EAX,DWORD [-16+EBP]
   705 00000814 FF 70 04                        	PUSH	DWORD [4+EAX]
   706 00000817 FF 30                           	PUSH	DWORD [EAX]
   707 00000819 E8 [00000000]                   	CALL	_boxfill8
   708 0000081E FF 75 E8                        	PUSH	DWORD [-24+EBP]
   709 00000821 53                              	PUSH	EBX
   710 00000822 57                              	PUSH	EDI
   711 00000823 FF 75 EC                        	PUSH	DWORD [-20+EBP]
   712 00000826 8B 45 F0                        	MOV	EAX,DWORD [-16+EBP]
   713 00000829 FF 70 04                        	PUSH	DWORD [4+EAX]
   714 0000082C FF 30                           	PUSH	DWORD [EAX]
   715 0000082E E8 [00000000]                   	CALL	_putfont8_asc
   716 00000833 89 7D 10                        	MOV	DWORD [16+EBP],EDI
   717 00000836 8D 47 10                        	LEA	EAX,DWORD [16+EDI]
   718 00000839 89 75 14                        	MOV	DWORD [20+EBP],ESI
   719 0000083C 89 45 18                        	MOV	DWORD [24+EBP],EAX
   720 0000083F 83 C4 34                        	ADD	ESP,52
   721 00000842 8B 45 EC                        	MOV	EAX,DWORD [-20+EBP]
   722 00000845 89 45 0C                        	MOV	DWORD [12+EBP],EAX
   723 00000848 8B 45 F0                        	MOV	EAX,DWORD [-16+EBP]
   724 0000084B 89 45 08                        	MOV	DWORD [8+EBP],EAX
   725 0000084E 8D 65 F4                        	LEA	ESP,DWORD [-12+EBP]
   726 00000851 5B                              	POP	EBX
   727 00000852 5E                              	POP	ESI
   728 00000853 5F                              	POP	EDI
   729 00000854 5D                              	POP	EBP
   730 00000855 E9 [00000000]                   	JMP	_sheet_refresh
   731                                          [SECTION .data]
   732 0000012E                                 LC7:
   733 0000012E 25 31 31 64 00                  	DB	"%11d",0x00
   734                                          [SECTION .text]
   735 0000085A                                 	GLOBAL	_task_b_main
   736 0000085A                                 _task_b_main:
   737 0000085A 55                              	PUSH	EBP
   738 0000085B 89 E5                           	MOV	EBP,ESP
   739 0000085D 57                              	PUSH	EDI
   740 0000085E 56                              	PUSH	ESI
   741 0000085F 31 FF                           	XOR	EDI,EDI
   742 00000861 53                              	PUSH	EBX
   743 00000862 8D 85 FFFFFDD4                  	LEA	EAX,DWORD [-556+EBP]
   744 00000868 81 EC 00000230                  	SUB	ESP,560
   745 0000086E 8D 5D D4                        	LEA	EBX,DWORD [-44+EBP]
   746 00000871 50                              	PUSH	EAX
   747 00000872 68 00000080                     	PUSH	128
   748 00000877 53                              	PUSH	EBX
   749 00000878 E8 [00000000]                   	CALL	_fifo32_init
   750 0000087D E8 [00000000]                   	CALL	_timer_alloc
   751 00000882 6A 01                           	PUSH	1
   752 00000884 53                              	PUSH	EBX
   753 00000885 89 C6                           	MOV	ESI,EAX
   754 00000887 50                              	PUSH	EAX
   755 00000888 E8 [00000000]                   	CALL	_timer_init
   756 0000088D 6A 01                           	PUSH	1
   757 0000088F 56                              	PUSH	ESI
   758 00000890 E8 [00000000]                   	CALL	_timer_settime
   759 00000895 83 C4 20                        	ADD	ESP,32
   760 00000898                                 L62:
   761 00000898 8D 5D D4                        	LEA	EBX,DWORD [-44+EBP]
   762 0000089B E8 [00000000]                   	CALL	_io_cli
   763 000008A0 53                              	PUSH	EBX
   764 000008A1 47                              	INC	EDI
   765 000008A2 E8 [00000000]                   	CALL	_fifo32_status
   766 000008A7 5A                              	POP	EDX
   767 000008A8 85 C0                           	TEST	EAX,EAX
   768 000008AA 74 48                           	JE	L68
   769 000008AC 53                              	PUSH	EBX
   770 000008AD E8 [00000000]                   	CALL	_fifo32_get
   771 000008B2 89 C3                           	MOV	EBX,EAX
   772 000008B4 E8 [00000000]                   	CALL	_io_sti
   773 000008B9 58                              	POP	EAX
   774 000008BA 4B                              	DEC	EBX
   775 000008BB 75 DB                           	JNE	L62
   776 000008BD 57                              	PUSH	EDI
   777 000008BE 8D 9D FFFFFDC4                  	LEA	EBX,DWORD [-572+EBP]
   778 000008C4 68 [0000012E]                   	PUSH	LC7
   779 000008C9 53                              	PUSH	EBX
   780 000008CA E8 [00000000]                   	CALL	_sprintf
   781 000008CF 6A 0B                           	PUSH	11
   782 000008D1 53                              	PUSH	EBX
   783 000008D2 6A 0E                           	PUSH	14
   784 000008D4 6A 07                           	PUSH	7
   785 000008D6 68 00000090                     	PUSH	144
   786 000008DB 6A 00                           	PUSH	0
   787 000008DD FF 75 08                        	PUSH	DWORD [8+EBP]
   788 000008E0 E8 FFFFFEEE                     	CALL	_putfont8_asc_sht
   789 000008E5 83 C4 28                        	ADD	ESP,40
   790 000008E8 6A 01                           	PUSH	1
   791 000008EA 56                              	PUSH	ESI
   792 000008EB E8 [00000000]                   	CALL	_timer_settime
   793 000008F0 5B                              	POP	EBX
   794 000008F1 58                              	POP	EAX
   795 000008F2 EB A4                           	JMP	L62
   796 000008F4                                 L68:
   797 000008F4 E8 [00000000]                   	CALL	_io_sti
   798 000008F9 EB 9D                           	JMP	L62
