     1 00000000                                 [FORMAT "WCOFF"]
     2 00000000                                 [INSTRSET "i486p"]
     3 00000000                                 [OPTIMIZE 1]
     4 00000000                                 [OPTION 1]
     5 00000000                                 [BITS 32]
     6 00000000                                 	EXTERN	_io_out8
     7 00000000                                 [FILE "int.c"]
     8                                          [SECTION .text]
     9 00000000                                 	GLOBAL	_init_pic
    10 00000000                                 _init_pic:
    11 00000000 55                              	PUSH	EBP
    12 00000001 89 E5                           	MOV	EBP,ESP
    13 00000003 68 000000FF                     	PUSH	255
    14 00000008 6A 21                           	PUSH	33
    15 0000000A E8 [00000000]                   	CALL	_io_out8
    16 0000000F 68 000000FF                     	PUSH	255
    17 00000014 68 000000A1                     	PUSH	161
    18 00000019 E8 [00000000]                   	CALL	_io_out8
    19 0000001E 68 000000FF                     	PUSH	255
    20 00000023 6A 20                           	PUSH	32
    21 00000025 E8 [00000000]                   	CALL	_io_out8
    22 0000002A 6A 20                           	PUSH	32
    23 0000002C 6A 21                           	PUSH	33
    24 0000002E E8 [00000000]                   	CALL	_io_out8
    25 00000033 83 C4 20                        	ADD	ESP,32
    26 00000036 6A 04                           	PUSH	4
    27 00000038 6A 21                           	PUSH	33
    28 0000003A E8 [00000000]                   	CALL	_io_out8
    29 0000003F 6A 01                           	PUSH	1
    30 00000041 6A 21                           	PUSH	33
    31 00000043 E8 [00000000]                   	CALL	_io_out8
    32 00000048 6A 11                           	PUSH	17
    33 0000004A 68 000000A0                     	PUSH	160
    34 0000004F E8 [00000000]                   	CALL	_io_out8
    35 00000054 6A 28                           	PUSH	40
    36 00000056 68 000000A1                     	PUSH	161
    37 0000005B E8 [00000000]                   	CALL	_io_out8
    38 00000060 83 C4 20                        	ADD	ESP,32
    39 00000063 6A 02                           	PUSH	2
    40 00000065 68 000000A1                     	PUSH	161
    41 0000006A E8 [00000000]                   	CALL	_io_out8
    42 0000006F 6A 01                           	PUSH	1
    43 00000071 68 000000A1                     	PUSH	161
    44 00000076 E8 [00000000]                   	CALL	_io_out8
    45 0000007B 68 000000FB                     	PUSH	251
    46 00000080 6A 21                           	PUSH	33
    47 00000082 E8 [00000000]                   	CALL	_io_out8
    48 00000087 68 000000FF                     	PUSH	255
    49 0000008C 68 000000A1                     	PUSH	161
    50 00000091 E8 [00000000]                   	CALL	_io_out8
    51 00000096 C9                              	LEAVE
    52 00000097 C3                              	RET
    53 00000098                                 	GLOBAL	_inthandler27
    54 00000098                                 _inthandler27:
    55 00000098 55                              	PUSH	EBP
    56 00000099 89 E5                           	MOV	EBP,ESP
    57 0000009B 6A 67                           	PUSH	103
    58 0000009D 6A 20                           	PUSH	32
    59 0000009F E8 [00000000]                   	CALL	_io_out8
    60 000000A4 C9                              	LEAVE
    61 000000A5 C3                              	RET
