     1 00000000                                 ; hello-os
     2 00000000                                 ; TAB=4
     3 00000000                                 
     4  = 0000000A                              CYLS	EQU	10
     5 00000000                                 
     6                                          		ORG		0x7c00
     7 00007C00                                 		
     8 00007C00                                 ; 以下は標準的なFAT12フォーマットフロッピーディスクのための記述
     9 00007C00                                 
    10 00007C00 EB 4E                           		JMP		entry
    11 00007C02 90                              		DB		0x90
    12 00007C03 48 45 4C 4C 4F 49 50 4C         		DB		"HELLOIPL"		; ブートセクタの名前を自由に書いてよい（8バイト）
    13 00007C0B 0200                            		DW		512				; 1セクタの大きさ（512にしなければいけない）
    14 00007C0D 01                              		DB		1				; クラスタの大きさ（1セクタにしなければいけない）
    15 00007C0E 0001                            		DW		1				; FATがどこから始まるか（普通は1セクタ目からにする）
    16 00007C10 02                              		DB		2				; FATの個数（2にしなければいけない）
    17 00007C11 00E0                            		DW		224				; ルートディレクトリ領域の大きさ（普通は224エントリにする）
    18 00007C13 0B40                            		DW		2880			; このドライブの大きさ（2880セクタにしなければいけない）
    19 00007C15 F0                              		DB		0xf0			; メディアのタイプ（0xf0にしなければいけない）
    20 00007C16 0009                            		DW		9				; FAT領域の長さ（9セクタにしなければいけない）
    21 00007C18 0012                            		DW		18				; 1トラックにいくつのセクタがあるか（18にしなければいけない）
    22 00007C1A 0002                            		DW		2				; ヘッドの数（2にしなければいけない）
    23 00007C1C 00000000                        		DD		0				; パーティションを使ってないのでここは必ず0
    24 00007C20 00000B40                        		DD		2880			; このドライブ大きさをもう一度書く
    25 00007C24 00 00 29                        		DB		0,0,0x29		; よくわからないけどこの値にしておくといいらしい
    26 00007C27 FFFFFFFF                        		DD		0xffffffff		; たぶんボリュームシリアル番号
    27 00007C2B 48 45 4C 4C 4F 2D 4F 53 20 20   		DB		"HELLO-OS   "	; ディスクの名前（11バイト）
       00007C35 20 
    28 00007C36 46 41 54 31 32 20 20 20         		DB		"FAT12   "		; フォーマットの名前（8バイト）
    29 00007C3E 00 00 00 00 00 00 00 00 00 00   		RESB	18				; とりあえず18バイトあけておく
       00007C48 00 00 00 00 00 00 00 00 
    30 00007C50                                 
    31 00007C50                                 ; プログラム本体
    32 00007C50                                 
    33 00007C50                                 entry:
    34 00007C50 B8 0000                         	mov	ax,0
    35 00007C53 8E D0                           	mov	ss,ax
    36 00007C55 BC 7C00                         	mov	sp,0x7c00
    37 00007C58 8E D8                           	mov	ds,ax
    38 00007C5A                                 
    39 00007C5A                                 ; ディスクを読む
    40 00007C5A                                 
    41 00007C5A B8 0820                         	mov	ax,0x0820
    42 00007C5D 8E C0                           	mov	es,ax
    43 00007C5F B5 00                           	mov	ch,0
    44 00007C61 B6 00                           	mov	dh,0
    45 00007C63 B1 02                           	mov	cl,2
    46 00007C65                                 readloop:
    47 00007C65 BE 0000                         	mov	si,0
    48 00007C68                                 retry:
    49 00007C68 B4 02                           	mov	ah,0x02
    50 00007C6A B0 01                           	mov	al,1
    51 00007C6C BB 0000                         	mov	bx,0
    52 00007C6F B2 00                           	mov	dl,0x00
    53 00007C71 CD 13                           	int	0x13
    54 00007C73 73 10                           	jnc	next
    55 00007C75 83 C6 01                        	add	si,1
    56 00007C78 83 FE 05                        	cmp	si,5
    57 00007C7B 73 32                           	jae	error
    58 00007C7D B4 00                           	mov	ah,0x00
    59 00007C7F B2 00                           	mov	dl,0x00
    60 00007C81 CD 13                           	int	0x13
    61 00007C83 EB E3                           	jmp	retry
    62 00007C85                                 next:
    63 00007C85 8C C0                           	mov	ax,es
    64 00007C87 05 0020                         	add	ax,0x0020
    65 00007C8A 8E C0                           	mov	es,ax
    66 00007C8C 80 C1 01                        	add	cl,1
    67 00007C8F 80 F9 12                        	cmp	cl,18
    68 00007C92 76 D1                           	jbe	readloop
    69 00007C94 B1 01                           	mov	cl,1
    70 00007C96 80 C6 01                        	add	dh,1
    71 00007C99 80 FE 02                        	cmp	dh,2
    72 00007C9C 72 C7                           	jb	readloop
    73 00007C9E B6 00                           	mov	dh,0
    74 00007CA0 80 C5 01                        	add	ch,1
    75 00007CA3 80 FD 0A                        	cmp	ch,CYLS
    76 00007CA6 72 BD                           	jb	readloop
    77 00007CA8                                 
    78 00007CA8 88 2E 0FF0                      	mov	[0x0ff0],ch
    79 00007CAC E9 4551                         	jmp	0xc200
    80 00007CAF                                 
    81 00007CAF                                 error:
    82 00007CAF BE 7CC7                         	mov	si,msg
    83 00007CB2                                 putloop:
    84 00007CB2 8A 04                           	mov	al,[si]
    85 00007CB4 83 C6 01                        	add	si,1
    86 00007CB7 3C 00                           	cmp	al,0
    87 00007CB9 74 09                           	je	fin
    88 00007CBB B4 0E                           	mov	ah,0x0e
    89 00007CBD BB 000F                         	mov	bx,15
    90 00007CC0 CD 10                           	int	0x10
    91 00007CC2 EB EE                           	jmp	putloop
    92 00007CC4                                 fin:
    93 00007CC4 F4                              	hlt
    94 00007CC5 EB FD                           	jmp	fin
    95 00007CC7                                 
    96 00007CC7                                 msg:
    97 00007CC7 0A 0A                           	db	0x0a, 0x0a
    98 00007CC9 6C 6F 61 64 20 65 72 72 6F 72   	db	"load error"
    99 00007CD3 0A                              	db	0x0a
   100 00007CD4 00                              	db	0
   101 00007CD5                                 
   102 00007CD5 00 00 00 00 00 00 00 00 00 00   	resb	0x7dfe-$
       00007CDF 00 00 00 00 00 00 00 00 00 00 
       00007CE9 00 00 00 00 00 00 00 00 00 00 
       00007CF3 00 00 00 00 00 00 00 00 00 00 
       00007CFD 00 00 00 00 00 00 00 00 00 00 
       00007D07 00 00 00 00 00 00 00 00 00 00 
       00007D11 00 00 00 00 00 00 00 00 00 00 
       00007D1B 00 00 00 00 00 00 00 00 00 00 
       00007D25 00 00 00 00 00 00 00 00 00 00 
       00007D2F 00 00 00 00 00 00 00 00 00 00 
       00007D39 00 00 00 00 00 00 00 00 00 00 
       00007D43 00 00 00 00 00 00 00 00 00 00 
       00007D4D 00 00 00 00 00 00 00 00 00 00 
       00007D57 00 00 00 00 00 00 00 00 00 00 
       00007D61 00 00 00 00 00 00 00 00 00 00 
       00007D6B 00 00 00 00 00 00 00 00 00 00 
       00007D75 00 00 00 00 00 00 00 00 00 00 
       00007D7F 00 00 00 00 00 00 00 00 00 00 
       00007D89 00 00 00 00 00 00 00 00 00 00 
       00007D93 00 00 00 00 00 00 00 00 00 00 
       00007D9D 00 00 00 00 00 00 00 00 00 00 
       00007DA7 00 00 00 00 00 00 00 00 00 00 
       00007DB1 00 00 00 00 00 00 00 00 00 00 
       00007DBB 00 00 00 00 00 00 00 00 00 00 
       00007DC5 00 00 00 00 00 00 00 00 00 00 
       00007DCF 00 00 00 00 00 00 00 00 00 00 
       00007DD9 00 00 00 00 00 00 00 00 00 00 
       00007DE3 00 00 00 00 00 00 00 00 00 00 
       00007DED 00 00 00 00 00 00 00 00 00 00 
       00007DF7 00 00 00 00 00 00 00 
   103 00007DFE                                 
   104 00007DFE 55 AA                           	db	0x55, 0xaa
